<?xml version="1.0" encoding="UTF-8"?>
<testng-results skipped="0" failed="1" ignored="0" total="2" passed="1">
  <reporter-output>
  </reporter-output>
  <suite name="Suite" duration-ms="46402" started-at="2020-07-27T11:21:19Z" finished-at="2020-07-27T11:22:05Z">
    <groups>
    </groups>
    <test name="ValidateTitleTest" duration-ms="35170" started-at="2020-07-27T11:21:19Z" finished-at="2020-07-27T11:21:54Z">
      <class name="E2EFrameWork.ValidateTitle">
        <test-method status="PASS" signature="initialing()[pri:0, instance:E2EFrameWork.ValidateTitle@dd8ba08]" name="initialing" is-config="true" duration-ms="30796" started-at="2020-07-27T11:21:19Z" finished-at="2020-07-27T11:21:50Z">
          <reporter-output>
          </reporter-output>
        </test-method> <!-- initialing -->
        <test-method status="FAIL" signature="ValiteTitleTest()[pri:0, instance:E2EFrameWork.ValidateTitle@dd8ba08]" name="ValiteTitleTest" duration-ms="1193" started-at="2020-07-27T11:21:50Z" finished-at="2020-07-27T11:21:52Z">
          <exception class="java.lang.AssertionError">
            <message>
              <![CDATA[expected [Featured Courses] but found [FEATURED COURSES]]]>
            </message>
            <full-stacktrace>
              <![CDATA[java.lang.AssertionError: expected [Featured Courses] but found [FEATURED COURSES]
at org.testng.Assert.fail(Assert.java:96)
at org.testng.Assert.failNotEquals(Assert.java:776)
at org.testng.Assert.assertEqualsImpl(Assert.java:137)
at org.testng.Assert.assertEquals(Assert.java:118)
at org.testng.Assert.assertEquals(Assert.java:453)
at org.testng.Assert.assertEquals(Assert.java:463)
at E2EFrameWork.ValidateTitle.ValiteTitleTest(ValidateTitle.java:34)
at sun.reflect.NativeMethodAccessorImpl.invoke0(Native Method)
at sun.reflect.NativeMethodAccessorImpl.invoke(NativeMethodAccessorImpl.java:62)
at sun.reflect.DelegatingMethodAccessorImpl.invoke(DelegatingMethodAccessorImpl.java:43)
at java.lang.reflect.Method.invoke(Method.java:498)
at org.testng.internal.MethodInvocationHelper.invokeMethod(MethodInvocationHelper.java:124)
at org.testng.internal.Invoker.invokeMethod(Invoker.java:583)
at org.testng.internal.Invoker.invokeTestMethod(Invoker.java:719)
at org.testng.internal.Invoker.invokeTestMethods(Invoker.java:989)
at org.testng.internal.TestMethodWorker.invokeTestMethods(TestMethodWorker.java:125)
at org.testng.internal.TestMethodWorker.run(TestMethodWorker.java:109)
at org.testng.TestRunner.privateRun(TestRunner.java:648)
at org.testng.TestRunner.run(TestRunner.java:505)
at org.testng.SuiteRunner.runTest(SuiteRunner.java:455)
at org.testng.SuiteRunner.runSequentially(SuiteRunner.java:450)
at org.testng.SuiteRunner.privateRun(SuiteRunner.java:415)
at org.testng.SuiteRunner.run(SuiteRunner.java:364)
at org.testng.SuiteRunnerWorker.runSuite(SuiteRunnerWorker.java:52)
at org.testng.SuiteRunnerWorker.run(SuiteRunnerWorker.java:84)
at org.testng.TestNG.runSuitesSequentially(TestNG.java:1208)
at org.testng.TestNG.runSuitesLocally(TestNG.java:1137)
at org.testng.TestNG.runSuites(TestNG.java:1049)
at org.testng.TestNG.run(TestNG.java:1017)
at org.testng.remote.AbstractRemoteTestNG.run(AbstractRemoteTestNG.java:114)
at org.testng.remote.RemoteTestNG.initAndRun(RemoteTestNG.java:251)
at org.testng.remote.RemoteTestNG.main(RemoteTestNG.java:77)
]]>
            </full-stacktrace>
          </exception> <!-- java.lang.AssertionError -->
          <reporter-output>
          </reporter-output>
        </test-method> <!-- ValiteTitleTest -->
        <test-method status="PASS" signature="closeDriver()[pri:0, instance:E2EFrameWork.ValidateTitle@dd8ba08]" name="closeDriver" is-config="true" duration-ms="2275" started-at="2020-07-27T11:21:52Z" finished-at="2020-07-27T11:21:54Z">
          <reporter-output>
          </reporter-output>
        </test-method> <!-- closeDriver -->
      </class> <!-- E2EFrameWork.ValidateTitle -->
    </test> <!-- ValidateTitleTest -->
    <test name="LoginPageTest" duration-ms="10982" started-at="2020-07-27T11:21:54Z" finished-at="2020-07-27T11:22:05Z">
      <class name="E2EFrameWork.LoginPage">
        <test-method status="PASS" signature="initialing()[pri:0, instance:E2EFrameWork.LoginPage@6adbc9d]" name="initialing" is-config="true" duration-ms="8896" started-at="2020-07-27T11:21:54Z" finished-at="2020-07-27T11:22:03Z">
          <reporter-output>
          </reporter-output>
        </test-method> <!-- initialing -->
        <test-method status="PASS" signature="LoginPage()[pri:0, instance:E2EFrameWork.LoginPage@6adbc9d]" name="LoginPage" duration-ms="1347" started-at="2020-07-27T11:22:03Z" finished-at="2020-07-27T11:22:05Z">
          <reporter-output>
          </reporter-output>
        </test-method> <!-- LoginPage -->
        <test-method status="PASS" signature="closeDriver()[pri:0, instance:E2EFrameWork.LoginPage@6adbc9d]" name="closeDriver" is-config="true" duration-ms="732" started-at="2020-07-27T11:22:05Z" finished-at="2020-07-27T11:22:05Z">
          <reporter-output>
          </reporter-output>
        </test-method> <!-- closeDriver -->
      </class> <!-- E2EFrameWork.LoginPage -->
    </test> <!-- LoginPageTest -->
  </suite> <!-- Suite -->
</testng-results>
